2023-10-24 15:25:28.824 [main] INFO  o.s.t.c.s.AnnotationConfigContextLoaderUtils - Could not detect default configuration classes for test class [com.tec02.DataManagementApplicationTests]: DataManagementApplicationTests does not declare any static, non-private, non-final, nested classes annotated with @Configuration.
2023-10-24 15:25:28.959 [main] INFO  o.s.b.t.c.SpringBootTestContextBootstrapper - Found @SpringBootConfiguration com.tec02.DataManagementApplication for test class com.tec02.DataManagementApplicationTests
2023-10-24 15:25:29.543 [main] INFO  c.t.DataManagementApplicationTests - Starting DataManagementApplicationTests using Java 19.0.2 with PID 20648 (started by Administrator in D:\Eclipse\TEc02Backend\DataManagement)
2023-10-24 15:25:29.544 [main] INFO  c.t.DataManagementApplicationTests - No active profile set, falling back to 1 default profile: "default"
2023-10-24 15:25:30.308 [main] INFO  o.s.d.r.c.RepositoryConfigurationDelegate - Bootstrapping Spring Data JPA repositories in DEFAULT mode.
2023-10-24 15:25:30.393 [main] INFO  o.s.d.r.c.RepositoryConfigurationDelegate - Finished Spring Data repository scanning in 78 ms. Found 8 JPA repository interfaces.
2023-10-24 15:25:30.797 [main] INFO  o.s.c.s.PostProcessorRegistrationDelegate$BeanPostProcessorChecker - Bean 'org.springframework.ws.config.annotation.DelegatingWsConfiguration' of type [org.springframework.ws.config.annotation.DelegatingWsConfiguration$$SpringCGLIB$$0] is not eligible for getting processed by all BeanPostProcessors (for example: not eligible for auto-proxying)
2023-10-24 15:25:30.877 [main] INFO  o.s.w.s.a.s.AnnotationActionEndpointMapping - Supporting [WS-Addressing August 2004, WS-Addressing 1.0]
2023-10-24 15:25:31.160 [main] INFO  o.h.jpa.internal.util.LogHelper - HHH000204: Processing PersistenceUnitInfo [name: default]
2023-10-24 15:25:31.232 [main] INFO  org.hibernate.Version - HHH000412: Hibernate ORM core version 6.1.7.Final
2023-10-24 15:25:31.730 [main] INFO  com.zaxxer.hikari.HikariDataSource - HikariPool-1 - Starting...
2023-10-24 15:25:32.359 [main] INFO  com.zaxxer.hikari.pool.HikariPool - HikariPool-1 - Added connection com.mysql.cj.jdbc.ConnectionImpl@3451fc88
2023-10-24 15:25:32.361 [main] INFO  com.zaxxer.hikari.HikariDataSource - HikariPool-1 - Start completed.
2023-10-24 15:25:32.533 [main] INFO  SQL dialect - HHH000400: Using dialect: org.hibernate.dialect.MySQLDialect
2023-10-24 15:25:33.047 [main] INFO  o.h.tuple.entity.EntityMetamodel - HHH000157: Lazy property fetching available for: com.tec02.model.entity.impl.Station
2023-10-24 15:25:33.769 [main] INFO  o.h.tuple.entity.EntityMetamodel - HHH000157: Lazy property fetching available for: com.tec02.model.entity.impl.Role
2023-10-24 15:25:33.794 [main] INFO  o.h.tuple.entity.EntityMetamodel - HHH000157: Lazy property fetching available for: com.tec02.model.entity.impl.Product
2023-10-24 15:25:33.850 [main] INFO  o.h.tuple.entity.EntityMetamodel - HHH000157: Lazy property fetching available for: com.tec02.model.entity.impl.Line
2023-10-24 15:25:33.860 [main] INFO  o.h.tuple.entity.EntityMetamodel - HHH000157: Lazy property fetching available for: com.tec02.model.entity.impl.LogDetail
2023-10-24 15:25:34.116 [main] INFO  o.h.e.t.j.p.i.JtaPlatformInitiator - HHH000490: Using JtaPlatform implementation: [org.hibernate.engine.transaction.jta.platform.internal.NoJtaPlatform]
2023-10-24 15:25:34.129 [main] INFO  o.s.o.j.LocalContainerEntityManagerFactoryBean - Initialized JPA EntityManagerFactory for persistence unit 'default'
2023-10-24 15:25:35.333 [main] WARN  o.s.b.a.o.j.JpaBaseConfiguration$JpaWebConfiguration - spring.jpa.open-in-view is enabled by default. Therefore, database queries may be performed during view rendering. Explicitly configure spring.jpa.open-in-view to disable this warning
2023-10-24 15:25:35.759 [main] INFO  o.s.s.web.DefaultSecurityFilterChain - Will secure any request with [org.springframework.security.web.session.DisableEncodeUrlFilter@67c912d3, org.springframework.security.web.context.request.async.WebAsyncManagerIntegrationFilter@60515ab1, org.springframework.security.web.context.SecurityContextHolderFilter@57f83dc7, org.springframework.security.web.header.HeaderWriterFilter@6edc8385, org.springframework.security.web.authentication.logout.LogoutFilter@2e214d39, com.tec02.config.JwtAuthenticationFilter@75d61b62, org.springframework.security.web.savedrequest.RequestCacheAwareFilter@696d28ee, org.springframework.security.web.servletapi.SecurityContextHolderAwareRequestFilter@60b8c05c, org.springframework.security.web.authentication.AnonymousAuthenticationFilter@37e967df, org.springframework.security.web.session.SessionManagementFilter@23b02f37, org.springframework.security.web.access.ExceptionTranslationFilter@41ad6c00, org.springframework.security.web.access.intercept.AuthorizationFilter@2dc54b50]
2023-10-24 15:25:37.723 [main] WARN  o.s.b.a.t.ThymeleafAutoConfiguration$DefaultTemplateResolverConfiguration - Cannot find template location: classpath:/templates/ (please add some templates, check your Thymeleaf configuration, or set spring.thymeleaf.check-template-location=false)
2023-10-24 15:25:38.494 [main] INFO  c.t.DataManagementApplicationTests - Started DataManagementApplicationTests in 9.209 seconds (process running for 11.33)
2023-10-24 15:25:40.858 [main] INFO  c.t.DataManagementApplication$$SpringCGLIB$$0 - Server started successfully
2023-10-24 15:25:41.578 [SpringApplicationShutdownHook] INFO  o.s.o.j.LocalContainerEntityManagerFactoryBean - Closing JPA EntityManagerFactory for persistence unit 'default'
2023-10-24 15:25:41.599 [SpringApplicationShutdownHook] INFO  com.zaxxer.hikari.HikariDataSource - HikariPool-1 - Shutdown initiated...
2023-10-24 15:25:41.702 [SpringApplicationShutdownHook] INFO  com.zaxxer.hikari.HikariDataSource - HikariPool-1 - Shutdown completed.
